C51 COMPILER V9.60.0.0   ENTER_PASSWORD                                                    04/20/2022 18:29:33 PAGE 1   


C51 COMPILER V9.60.0.0, COMPILATION OF MODULE ENTER_PASSWORD
OBJECT MODULE PLACED IN .\Objects\enter_password.obj
COMPILER INVOKED BY: C:\Keil_v5\C51\BIN\C51.EXE enter_password.c OPTIMIZE(8,SPEED) BROWSE DEBUG OBJECTEXTEND PRINT(.\Lis
                    -tings\enter_password.lst) TABS(2) OBJECT(.\Objects\enter_password.obj)

line level    source

   1          #include <reg51.h>
   2          #include "header.h"
   3          
   4          
   5          unsigned char * enter_password(void)
   6          {
   7   1          unsigned char a[5] = {0};
   8   1          unsigned char i,temp1 = 0;
   9   1        
  10   1          lcd_init();
  11   1          lcd_cmd(0x01);
  12   1          lcd_cmd(0x80);
  13   1          string_data("ENTER PASS"); 
  14   1            
  15   1          delay_ms(100);
  16   1          lcd_cmd(0xC0);
  17   1            
  18   1          for(i=0;i<3;i++)
  19   1            {
  20   2              row_Init();//Row initialization
  21   2              while(Is_Keypressed());//waiting for sw press
  22   2              temp1=  key_Val();
  23   2              a[i]=temp1;
  24   2              lcd_cmd(0xC0+i);
  25   2              lcd_data(temp1);
  26   2                delay_ms(100);
  27   2                lcd_cmd(0xC0+i);
  28   2                lcd_data('*');
  29   2            } 
  30   1              a[i]='\0';
  31   1              
  32   1              delay_ms(300);
  33   1            
  34   1                    
  35   1        
  36   1          return a;
  37   1      }


MODULE INFORMATION:   STATIC OVERLAYABLE
   CODE SIZE        =    148    ----
   CONSTANT SIZE    =     16    ----
   XDATA SIZE       =   ----    ----
   PDATA SIZE       =   ----    ----
   DATA SIZE        =   ----       7
   IDATA SIZE       =   ----    ----
   BIT SIZE         =   ----    ----
END OF MODULE INFORMATION.


C51 COMPILATION COMPLETE.  0 WARNING(S),  0 ERROR(S)
