C51 COMPILER V9.60.0.0   TAKING_ID                                                         04/20/2022 18:29:32 PAGE 1   


C51 COMPILER V9.60.0.0, COMPILATION OF MODULE TAKING_ID
OBJECT MODULE PLACED IN .\Objects\taking_id.obj
COMPILER INVOKED BY: C:\Keil_v5\C51\BIN\C51.EXE taking_id.c OPTIMIZE(8,SPEED) BROWSE DEBUG OBJECTEXTEND PRINT(.\Listings
                    -\taking_id.lst) TABS(2) OBJECT(.\Objects\taking_id.obj)

line level    source

   1          #include "header.h"
   2          
   3          signed char taking_id(void)
   4          {
   5   1        unsigned char user_id = 0;
   6   1        
   7   1          lcd_cmd(0x01);            /* clear screen */
   8   1          lcd_cmd(0x80);            /* Select first row */
   9   1          string_data("SELECT ID"); /* sending data to lcd */
  10   1          lcd_cmd(0xC0);
  11   1          string_data("FROM 1 2 3"); 
  12   1          delay_ms(900);            /* delay for two second */
  13   1        
  14   1          
  15   1          lcd_cmd(0x01);            /* clear screen */
  16   1          lcd_cmd(0x80);            /* Select first row */
  17   1          string_data("ENTER ID");  /* sending data to lcd */
  18   1          delay_ms(100);            /* optional */
  19   1        
  20   1          row_Init();//Row initialization
  21   1          
  22   1          while(Is_Keypressed());//waiting for sw press
  23   1          user_id = key_Val();    /* storing user id to variable */
  24   1          lcd_cmd(0xC0);          /* set curser to second line */
  25   1          lcd_data(user_id);     /* display id to lcd */
  26   1          delay_ms(1000);
  27   1          return user_id;
  28   1          
  29   1      
  30   1      }


MODULE INFORMATION:   STATIC OVERLAYABLE
   CODE SIZE        =    102    ----
   CONSTANT SIZE    =     30    ----
   XDATA SIZE       =   ----    ----
   PDATA SIZE       =   ----    ----
   DATA SIZE        =   ----       1
   IDATA SIZE       =   ----    ----
   BIT SIZE         =   ----    ----
END OF MODULE INFORMATION.


C51 COMPILATION COMPLETE.  0 WARNING(S),  0 ERROR(S)
